  stdafx.cpp
d:\working\patternrecognition\tasks\task1\task1\task1\stdafx.cpp : warning C4819: 该文件包含不能在当前代码页(936)中表示的字符。请将该文件保存为 Unicode 格式以防止数据丢失
d:\working\patternrecognition\tasks\task1\task1\task1\stdafx.h : warning C4819: 该文件包含不能在当前代码页(936)中表示的字符。请将该文件保存为 Unicode 格式以防止数据丢失
d:\working\patternrecognition\tasks\task1\task1\task1\targetver.h : warning C4819: 该文件包含不能在当前代码页(936)中表示的字符。请将该文件保存为 Unicode 格式以防止数据丢失
  task1.cpp
d:\working\patternrecognition\tasks\task1\task1\task1\task1.cpp : warning C4819: 该文件包含不能在当前代码页(936)中表示的字符。请将该文件保存为 Unicode 格式以防止数据丢失
d:\working\patternrecognition\tasks\task1\task1\task1\task1.cpp(9): error C2871: “cv”: 具有该名称的命名空间不存在
d:\working\patternrecognition\tasks\task1\task1\task1\task1.cpp(14): error C2065: “Mat”: 未声明的标识符
d:\working\patternrecognition\tasks\task1\task1\task1\task1.cpp(14): error C2146: 语法错误: 缺少“;”(在标识符“img”的前面)
d:\working\patternrecognition\tasks\task1\task1\task1\task1.cpp(14): error C2065: “img”: 未声明的标识符
d:\working\patternrecognition\tasks\task1\task1\task1\task1.cpp(14): error C3861: “imread”: 找不到标识符
d:\working\patternrecognition\tasks\task1\task1\task1\task1.cpp(15): error C3861: “namedWindow”: 找不到标识符
d:\working\patternrecognition\tasks\task1\task1\task1\task1.cpp(16): error C2065: “img”: 未声明的标识符
d:\working\patternrecognition\tasks\task1\task1\task1\task1.cpp(16): error C3861: “imshow”: 找不到标识符
